1706608585319:help
1706608589113:all
1706608679224:quit
1706608702041:help
1706617033611:all
1706617043347:find facebook.com
1706617061248:find facebook.com glakshya2
1706625062463:all
1706625076862:delte google.com glakshya009
1706625092015:delete google.com glakshya009
1706625094908:all
1706625118348:quit
1706625888334:help
1706625892179:all
1706625905922:delete facebook.com glakshya
1706625929848:delete facebook.com glakshya2
1706625934451:save
1706625947319:all
1706625970157:find google.com
1706625974484:save
1706625996883:all
1706626005904:find google.com glakshya2
1706626011741:find google.com glakshya009
1711467859760:all
1711467873835:stacktrace
1711467920621:save
1711467937769:stacktrace
1711467961910:all
1711467965699:save
1711467977292:all
1711468042540:find facebook
1711468047942:save
1711468068874:all
1711468082175:find facebook glakshya2
1711468093060:find facebook arnabnayak
1711468096374:quit
1711468139502:all
1711468142823:delete
1711468154644:delete facebook arnabnayak
1711468157546:all
1711468163082:find facebook arnabnayak
1711468330886:quit
1711468415641:help
1711468425514:quit
1711622436053:save
1711622452237:all
1711622460449:save
1711622476540:find instagram
1711622487890:help
1711622494329:delete instagram
1711622507740:all
1711622517095:delete instagram lakshay1
1711622518896:all
1711622529195:save
1711622539900:find google
1711622546093:find google lakshya
1712560585617:help
1712560593372:all
1712560602819:save
1712560650805:all
1712560656039:save
1712560674525:find google
1712560691587:delete
1712560707194:delete google glakshya
1712560868925:help
1712560874408:save
1712560888231:all
1712560913372:save
1712560933962:find google
1712560947057:delete google lakshya
1712560949630:all
1713336747578:help
1713336752158:all
1713336757610:save
1713340662944:all
1713350714241:save
1713350749389:all
1713350867796:save
1713621387871:all
1713621449599:save
1713621526749:find google
1713621821036:save
1713622060195:all
1713622222769:find google
1713622966563:all
1713622970783:save
1713622984882:find google
1713622994919:find google username
1713622998756:help
1713623003172:delete
1713623011792:delete google username
1713623015813:all
1713623028058:save
1713623053937:find google
1713769836598:all
1713769838969:save
1713769848664:all
1713769851532:find google
1713769856882:find google username
1713769955870:all
1713770350197:save
1713770370183:find facebook
